2013/01/08 17:25:28 [error] [exception.CHttpException.403] exception 'CHttpException' with message '您未被授权执行这个动作' in D:\workspace\yii\framework\web\auth\CAccessControlFilter.php:157
Stack trace:
#0 D:\workspace\yii\framework\web\auth\CAccessControlFilter.php(120): CAccessControlFilter->accessDenied(Object(CWebUser), '???????????????...')
#1 D:\workspace\yii\framework\web\filters\CFilter.php(39): CAccessControlFilter->preFilter(Object(CFilterChain))
#2 D:\workspace\yii\framework\web\CController.php(1146): CFilter->filter(Object(CFilterChain))
#3 D:\workspace\yii\framework\web\filters\CInlineFilter.php(59): CController->filterAccessControl(Object(CFilterChain))
#4 D:\workspace\yii\framework\web\filters\CFilterChain.php(131): CInlineFilter->filter(Object(CFilterChain))
#5 D:\workspace\yii\framework\web\CController.php(292): CFilterChain->run()
#6 D:\workspace\yii\framework\web\CController.php(266): CController->runActionWithFilters(Object(CInlineAction), Array)
#7 D:\workspace\yii\framework\web\CWebApplication.php(276): CController->run('multiTrash')
#8 D:\workspace\yii\framework\web\CWebApplication.php(135): CWebApplication->runController('posts/multiTras...')
#9 D:\workspace\yii\framework\base\CApplication.php(162): CWebApplication->processRequest()
#10 D:\workspace\yiicms\admin.php(13): CApplication->run()
#11 {main}
REQUEST_URI=/yiicms/admin.php?r=posts/multiTrash
HTTP_REFERER=http://localhost/yiicms/admin.php?r=posts/admin
---
2013/01/08 17:25:47 [error] [exception.CHttpException.403] exception 'CHttpException' with message '您未被授权执行这个动作' in D:\workspace\yii\framework\web\auth\CAccessControlFilter.php:157
Stack trace:
#0 D:\workspace\yii\framework\web\auth\CAccessControlFilter.php(120): CAccessControlFilter->accessDenied(Object(CWebUser), '???????????????...')
#1 D:\workspace\yii\framework\web\filters\CFilter.php(39): CAccessControlFilter->preFilter(Object(CFilterChain))
#2 D:\workspace\yii\framework\web\CController.php(1146): CFilter->filter(Object(CFilterChain))
#3 D:\workspace\yii\framework\web\filters\CInlineFilter.php(59): CController->filterAccessControl(Object(CFilterChain))
#4 D:\workspace\yii\framework\web\filters\CFilterChain.php(131): CInlineFilter->filter(Object(CFilterChain))
#5 D:\workspace\yii\framework\web\CController.php(292): CFilterChain->run()
#6 D:\workspace\yii\framework\web\CController.php(266): CController->runActionWithFilters(Object(CInlineAction), Array)
#7 D:\workspace\yii\framework\web\CWebApplication.php(276): CController->run('multiTrash')
#8 D:\workspace\yii\framework\web\CWebApplication.php(135): CWebApplication->runController('posts/multiTras...')
#9 D:\workspace\yii\framework\base\CApplication.php(162): CWebApplication->processRequest()
#10 D:\workspace\yiicms\admin.php(13): CApplication->run()
#11 {main}
REQUEST_URI=/yiicms/admin.php?r=posts/multiTrash
HTTP_REFERER=http://localhost/yiicms/admin.php?r=posts/admin
---
2013/01/08 17:29:37 [error] [exception.CHttpException.403] exception 'CHttpException' with message '您未被授权执行这个动作' in D:\workspace\yii\framework\web\auth\CAccessControlFilter.php:157
Stack trace:
#0 D:\workspace\yii\framework\web\auth\CAccessControlFilter.php(120): CAccessControlFilter->accessDenied(Object(CWebUser), '???????????????...')
#1 D:\workspace\yii\framework\web\filters\CFilter.php(39): CAccessControlFilter->preFilter(Object(CFilterChain))
#2 D:\workspace\yii\framework\web\CController.php(1146): CFilter->filter(Object(CFilterChain))
#3 D:\workspace\yii\framework\web\filters\CInlineFilter.php(59): CController->filterAccessControl(Object(CFilterChain))
#4 D:\workspace\yii\framework\web\filters\CFilterChain.php(131): CInlineFilter->filter(Object(CFilterChain))
#5 D:\workspace\yii\framework\web\CController.php(292): CFilterChain->run()
#6 D:\workspace\yii\framework\web\CController.php(266): CController->runActionWithFilters(Object(CInlineAction), Array)
#7 D:\workspace\yii\framework\web\CWebApplication.php(276): CController->run('multiTrash')
#8 D:\workspace\yii\framework\web\CWebApplication.php(135): CWebApplication->runController('posts/multiTras...')
#9 D:\workspace\yii\framework\base\CApplication.php(162): CWebApplication->processRequest()
#10 D:\workspace\yiicms\admin.php(13): CApplication->run()
#11 {main}
REQUEST_URI=/yiicms/admin.php?r=posts/multiTrash
HTTP_REFERER=http://localhost/yiicms/admin.php?r=posts/admin
---
2013/01/08 17:29:40 [error] [exception.CHttpException.403] exception 'CHttpException' with message '您未被授权执行这个动作' in D:\workspace\yii\framework\web\auth\CAccessControlFilter.php:157
Stack trace:
#0 D:\workspace\yii\framework\web\auth\CAccessControlFilter.php(120): CAccessControlFilter->accessDenied(Object(CWebUser), '???????????????...')
#1 D:\workspace\yii\framework\web\filters\CFilter.php(39): CAccessControlFilter->preFilter(Object(CFilterChain))
#2 D:\workspace\yii\framework\web\CController.php(1146): CFilter->filter(Object(CFilterChain))
#3 D:\workspace\yii\framework\web\filters\CInlineFilter.php(59): CController->filterAccessControl(Object(CFilterChain))
#4 D:\workspace\yii\framework\web\filters\CFilterChain.php(131): CInlineFilter->filter(Object(CFilterChain))
#5 D:\workspace\yii\framework\web\CController.php(292): CFilterChain->run()
#6 D:\workspace\yii\framework\web\CController.php(266): CController->runActionWithFilters(Object(CInlineAction), Array)
#7 D:\workspace\yii\framework\web\CWebApplication.php(276): CController->run('multiTrash')
#8 D:\workspace\yii\framework\web\CWebApplication.php(135): CWebApplication->runController('posts/multiTras...')
#9 D:\workspace\yii\framework\base\CApplication.php(162): CWebApplication->processRequest()
#10 D:\workspace\yiicms\admin.php(13): CApplication->run()
#11 {main}
REQUEST_URI=/yiicms/admin.php?r=posts/multiTrash
HTTP_REFERER=http://localhost/yiicms/admin.php?r=posts/admin
---
2013/01/08 17:29:41 [error] [exception.CHttpException.403] exception 'CHttpException' with message '您未被授权执行这个动作' in D:\workspace\yii\framework\web\auth\CAccessControlFilter.php:157
Stack trace:
#0 D:\workspace\yii\framework\web\auth\CAccessControlFilter.php(120): CAccessControlFilter->accessDenied(Object(CWebUser), '???????????????...')
#1 D:\workspace\yii\framework\web\filters\CFilter.php(39): CAccessControlFilter->preFilter(Object(CFilterChain))
#2 D:\workspace\yii\framework\web\CController.php(1146): CFilter->filter(Object(CFilterChain))
#3 D:\workspace\yii\framework\web\filters\CInlineFilter.php(59): CController->filterAccessControl(Object(CFilterChain))
#4 D:\workspace\yii\framework\web\filters\CFilterChain.php(131): CInlineFilter->filter(Object(CFilterChain))
#5 D:\workspace\yii\framework\web\CController.php(292): CFilterChain->run()
#6 D:\workspace\yii\framework\web\CController.php(266): CController->runActionWithFilters(Object(CInlineAction), Array)
#7 D:\workspace\yii\framework\web\CWebApplication.php(276): CController->run('multiTrash')
#8 D:\workspace\yii\framework\web\CWebApplication.php(135): CWebApplication->runController('posts/multiTras...')
#9 D:\workspace\yii\framework\base\CApplication.php(162): CWebApplication->processRequest()
#10 D:\workspace\yiicms\admin.php(13): CApplication->run()
#11 {main}
REQUEST_URI=/yiicms/admin.php?r=posts/multiTrash
HTTP_REFERER=http://localhost/yiicms/admin.php?r=posts/admin
---
2013/01/08 17:29:41 [error] [exception.CHttpException.403] exception 'CHttpException' with message '您未被授权执行这个动作' in D:\workspace\yii\framework\web\auth\CAccessControlFilter.php:157
Stack trace:
#0 D:\workspace\yii\framework\web\auth\CAccessControlFilter.php(120): CAccessControlFilter->accessDenied(Object(CWebUser), '???????????????...')
#1 D:\workspace\yii\framework\web\filters\CFilter.php(39): CAccessControlFilter->preFilter(Object(CFilterChain))
#2 D:\workspace\yii\framework\web\CController.php(1146): CFilter->filter(Object(CFilterChain))
#3 D:\workspace\yii\framework\web\filters\CInlineFilter.php(59): CController->filterAccessControl(Object(CFilterChain))
#4 D:\workspace\yii\framework\web\filters\CFilterChain.php(131): CInlineFilter->filter(Object(CFilterChain))
#5 D:\workspace\yii\framework\web\CController.php(292): CFilterChain->run()
#6 D:\workspace\yii\framework\web\CController.php(266): CController->runActionWithFilters(Object(CInlineAction), Array)
#7 D:\workspace\yii\framework\web\CWebApplication.php(276): CController->run('multiTrash')
#8 D:\workspace\yii\framework\web\CWebApplication.php(135): CWebApplication->runController('posts/multiTras...')
#9 D:\workspace\yii\framework\base\CApplication.php(162): CWebApplication->processRequest()
#10 D:\workspace\yiicms\admin.php(13): CApplication->run()
#11 {main}
REQUEST_URI=/yiicms/admin.php?r=posts/multiTrash
HTTP_REFERER=http://localhost/yiicms/admin.php?r=posts/admin
---
2013/01/08 17:29:41 [error] [exception.CHttpException.403] exception 'CHttpException' with message '您未被授权执行这个动作' in D:\workspace\yii\framework\web\auth\CAccessControlFilter.php:157
Stack trace:
#0 D:\workspace\yii\framework\web\auth\CAccessControlFilter.php(120): CAccessControlFilter->accessDenied(Object(CWebUser), '???????????????...')
#1 D:\workspace\yii\framework\web\filters\CFilter.php(39): CAccessControlFilter->preFilter(Object(CFilterChain))
#2 D:\workspace\yii\framework\web\CController.php(1146): CFilter->filter(Object(CFilterChain))
#3 D:\workspace\yii\framework\web\filters\CInlineFilter.php(59): CController->filterAccessControl(Object(CFilterChain))
#4 D:\workspace\yii\framework\web\filters\CFilterChain.php(131): CInlineFilter->filter(Object(CFilterChain))
#5 D:\workspace\yii\framework\web\CController.php(292): CFilterChain->run()
#6 D:\workspace\yii\framework\web\CController.php(266): CController->runActionWithFilters(Object(CInlineAction), Array)
#7 D:\workspace\yii\framework\web\CWebApplication.php(276): CController->run('multiTrash')
#8 D:\workspace\yii\framework\web\CWebApplication.php(135): CWebApplication->runController('posts/multiTras...')
#9 D:\workspace\yii\framework\base\CApplication.php(162): CWebApplication->processRequest()
#10 D:\workspace\yiicms\admin.php(13): CApplication->run()
#11 {main}
REQUEST_URI=/yiicms/admin.php?r=posts/multiTrash
HTTP_REFERER=http://localhost/yiicms/admin.php?r=posts/admin
---
2013/01/08 17:29:42 [error] [exception.CHttpException.403] exception 'CHttpException' with message '您未被授权执行这个动作' in D:\workspace\yii\framework\web\auth\CAccessControlFilter.php:157
Stack trace:
#0 D:\workspace\yii\framework\web\auth\CAccessControlFilter.php(120): CAccessControlFilter->accessDenied(Object(CWebUser), '???????????????...')
#1 D:\workspace\yii\framework\web\filters\CFilter.php(39): CAccessControlFilter->preFilter(Object(CFilterChain))
#2 D:\workspace\yii\framework\web\CController.php(1146): CFilter->filter(Object(CFilterChain))
#3 D:\workspace\yii\framework\web\filters\CInlineFilter.php(59): CController->filterAccessControl(Object(CFilterChain))
#4 D:\workspace\yii\framework\web\filters\CFilterChain.php(131): CInlineFilter->filter(Object(CFilterChain))
#5 D:\workspace\yii\framework\web\CController.php(292): CFilterChain->run()
#6 D:\workspace\yii\framework\web\CController.php(266): CController->runActionWithFilters(Object(CInlineAction), Array)
#7 D:\workspace\yii\framework\web\CWebApplication.php(276): CController->run('multiTrash')
#8 D:\workspace\yii\framework\web\CWebApplication.php(135): CWebApplication->runController('posts/multiTras...')
#9 D:\workspace\yii\framework\base\CApplication.php(162): CWebApplication->processRequest()
#10 D:\workspace\yiicms\admin.php(13): CApplication->run()
#11 {main}
REQUEST_URI=/yiicms/admin.php?r=posts/multiTrash
HTTP_REFERER=http://localhost/yiicms/admin.php?r=posts/admin
---
2013/01/08 17:29:42 [error] [exception.CHttpException.403] exception 'CHttpException' with message '您未被授权执行这个动作' in D:\workspace\yii\framework\web\auth\CAccessControlFilter.php:157
Stack trace:
#0 D:\workspace\yii\framework\web\auth\CAccessControlFilter.php(120): CAccessControlFilter->accessDenied(Object(CWebUser), '???????????????...')
#1 D:\workspace\yii\framework\web\filters\CFilter.php(39): CAccessControlFilter->preFilter(Object(CFilterChain))
#2 D:\workspace\yii\framework\web\CController.php(1146): CFilter->filter(Object(CFilterChain))
#3 D:\workspace\yii\framework\web\filters\CInlineFilter.php(59): CController->filterAccessControl(Object(CFilterChain))
#4 D:\workspace\yii\framework\web\filters\CFilterChain.php(131): CInlineFilter->filter(Object(CFilterChain))
#5 D:\workspace\yii\framework\web\CController.php(292): CFilterChain->run()
#6 D:\workspace\yii\framework\web\CController.php(266): CController->runActionWithFilters(Object(CInlineAction), Array)
#7 D:\workspace\yii\framework\web\CWebApplication.php(276): CController->run('multiTrash')
#8 D:\workspace\yii\framework\web\CWebApplication.php(135): CWebApplication->runController('posts/multiTras...')
#9 D:\workspace\yii\framework\base\CApplication.php(162): CWebApplication->processRequest()
#10 D:\workspace\yiicms\admin.php(13): CApplication->run()
#11 {main}
REQUEST_URI=/yiicms/admin.php?r=posts/multiTrash
HTTP_REFERER=http://localhost/yiicms/admin.php?r=posts/admin
---
2013/01/08 17:29:44 [error] [exception.CHttpException.403] exception 'CHttpException' with message '您未被授权执行这个动作' in D:\workspace\yii\framework\web\auth\CAccessControlFilter.php:157
Stack trace:
#0 D:\workspace\yii\framework\web\auth\CAccessControlFilter.php(120): CAccessControlFilter->accessDenied(Object(CWebUser), '???????????????...')
#1 D:\workspace\yii\framework\web\filters\CFilter.php(39): CAccessControlFilter->preFilter(Object(CFilterChain))
#2 D:\workspace\yii\framework\web\CController.php(1146): CFilter->filter(Object(CFilterChain))
#3 D:\workspace\yii\framework\web\filters\CInlineFilter.php(59): CController->filterAccessControl(Object(CFilterChain))
#4 D:\workspace\yii\framework\web\filters\CFilterChain.php(131): CInlineFilter->filter(Object(CFilterChain))
#5 D:\workspace\yii\framework\web\CController.php(292): CFilterChain->run()
#6 D:\workspace\yii\framework\web\CController.php(266): CController->runActionWithFilters(Object(CInlineAction), Array)
#7 D:\workspace\yii\framework\web\CWebApplication.php(276): CController->run('multiTrash')
#8 D:\workspace\yii\framework\web\CWebApplication.php(135): CWebApplication->runController('posts/multiTras...')
#9 D:\workspace\yii\framework\base\CApplication.php(162): CWebApplication->processRequest()
#10 D:\workspace\yiicms\admin.php(13): CApplication->run()
#11 {main}
REQUEST_URI=/yiicms/admin.php?r=posts/multiTrash
HTTP_REFERER=http://localhost/yiicms/admin.php?r=posts/admin
---
2013/01/08 17:30:30 [error] [exception.CHttpException.403] exception 'CHttpException' with message '您未被授权执行这个动作' in D:\workspace\yii\framework\web\auth\CAccessControlFilter.php:157
Stack trace:
#0 D:\workspace\yii\framework\web\auth\CAccessControlFilter.php(120): CAccessControlFilter->accessDenied(Object(CWebUser), '???????????????...')
#1 D:\workspace\yii\framework\web\filters\CFilter.php(39): CAccessControlFilter->preFilter(Object(CFilterChain))
#2 D:\workspace\yii\framework\web\CController.php(1146): CFilter->filter(Object(CFilterChain))
#3 D:\workspace\yii\framework\web\filters\CInlineFilter.php(59): CController->filterAccessControl(Object(CFilterChain))
#4 D:\workspace\yii\framework\web\filters\CFilterChain.php(131): CInlineFilter->filter(Object(CFilterChain))
#5 D:\workspace\yii\framework\web\CController.php(292): CFilterChain->run()
#6 D:\workspace\yii\framework\web\CController.php(266): CController->runActionWithFilters(Object(CInlineAction), Array)
#7 D:\workspace\yii\framework\web\CWebApplication.php(276): CController->run('multiTrash')
#8 D:\workspace\yii\framework\web\CWebApplication.php(135): CWebApplication->runController('posts/multiTras...')
#9 D:\workspace\yii\framework\base\CApplication.php(162): CWebApplication->processRequest()
#10 D:\workspace\yiicms\admin.php(13): CApplication->run()
#11 {main}
REQUEST_URI=/yiicms/admin.php?r=posts/multiTrash
HTTP_REFERER=http://localhost/yiicms/admin.php?r=posts/admin
---
2013/01/08 17:30:36 [error] [exception.CHttpException.403] exception 'CHttpException' with message '您未被授权执行这个动作' in D:\workspace\yii\framework\web\auth\CAccessControlFilter.php:157
Stack trace:
#0 D:\workspace\yii\framework\web\auth\CAccessControlFilter.php(120): CAccessControlFilter->accessDenied(Object(CWebUser), '???????????????...')
#1 D:\workspace\yii\framework\web\filters\CFilter.php(39): CAccessControlFilter->preFilter(Object(CFilterChain))
#2 D:\workspace\yii\framework\web\CController.php(1146): CFilter->filter(Object(CFilterChain))
#3 D:\workspace\yii\framework\web\filters\CInlineFilter.php(59): CController->filterAccessControl(Object(CFilterChain))
#4 D:\workspace\yii\framework\web\filters\CFilterChain.php(131): CInlineFilter->filter(Object(CFilterChain))
#5 D:\workspace\yii\framework\web\CController.php(292): CFilterChain->run()
#6 D:\workspace\yii\framework\web\CController.php(266): CController->runActionWithFilters(Object(CInlineAction), Array)
#7 D:\workspace\yii\framework\web\CWebApplication.php(276): CController->run('multiTrash')
#8 D:\workspace\yii\framework\web\CWebApplication.php(135): CWebApplication->runController('posts/multiTras...')
#9 D:\workspace\yii\framework\base\CApplication.php(162): CWebApplication->processRequest()
#10 D:\workspace\yiicms\admin.php(13): CApplication->run()
#11 {main}
REQUEST_URI=/yiicms/admin.php?r=posts/multiTrash
HTTP_REFERER=http://localhost/yiicms/admin.php?r=posts/admin
---
2013/01/08 17:30:36 [error] [exception.CHttpException.403] exception 'CHttpException' with message '您未被授权执行这个动作' in D:\workspace\yii\framework\web\auth\CAccessControlFilter.php:157
Stack trace:
#0 D:\workspace\yii\framework\web\auth\CAccessControlFilter.php(120): CAccessControlFilter->accessDenied(Object(CWebUser), '???????????????...')
#1 D:\workspace\yii\framework\web\filters\CFilter.php(39): CAccessControlFilter->preFilter(Object(CFilterChain))
#2 D:\workspace\yii\framework\web\CController.php(1146): CFilter->filter(Object(CFilterChain))
#3 D:\workspace\yii\framework\web\filters\CInlineFilter.php(59): CController->filterAccessControl(Object(CFilterChain))
#4 D:\workspace\yii\framework\web\filters\CFilterChain.php(131): CInlineFilter->filter(Object(CFilterChain))
#5 D:\workspace\yii\framework\web\CController.php(292): CFilterChain->run()
#6 D:\workspace\yii\framework\web\CController.php(266): CController->runActionWithFilters(Object(CInlineAction), Array)
#7 D:\workspace\yii\framework\web\CWebApplication.php(276): CController->run('multiTrash')
#8 D:\workspace\yii\framework\web\CWebApplication.php(135): CWebApplication->runController('posts/multiTras...')
#9 D:\workspace\yii\framework\base\CApplication.php(162): CWebApplication->processRequest()
#10 D:\workspace\yiicms\admin.php(13): CApplication->run()
#11 {main}
REQUEST_URI=/yiicms/admin.php?r=posts/multiTrash
HTTP_REFERER=http://localhost/yiicms/admin.php?r=posts/admin
---
2013/01/08 17:30:37 [error] [exception.CHttpException.403] exception 'CHttpException' with message '您未被授权执行这个动作' in D:\workspace\yii\framework\web\auth\CAccessControlFilter.php:157
Stack trace:
#0 D:\workspace\yii\framework\web\auth\CAccessControlFilter.php(120): CAccessControlFilter->accessDenied(Object(CWebUser), '???????????????...')
#1 D:\workspace\yii\framework\web\filters\CFilter.php(39): CAccessControlFilter->preFilter(Object(CFilterChain))
#2 D:\workspace\yii\framework\web\CController.php(1146): CFilter->filter(Object(CFilterChain))
#3 D:\workspace\yii\framework\web\filters\CInlineFilter.php(59): CController->filterAccessControl(Object(CFilterChain))
#4 D:\workspace\yii\framework\web\filters\CFilterChain.php(131): CInlineFilter->filter(Object(CFilterChain))
#5 D:\workspace\yii\framework\web\CController.php(292): CFilterChain->run()
#6 D:\workspace\yii\framework\web\CController.php(266): CController->runActionWithFilters(Object(CInlineAction), Array)
#7 D:\workspace\yii\framework\web\CWebApplication.php(276): CController->run('multiTrash')
#8 D:\workspace\yii\framework\web\CWebApplication.php(135): CWebApplication->runController('posts/multiTras...')
#9 D:\workspace\yii\framework\base\CApplication.php(162): CWebApplication->processRequest()
#10 D:\workspace\yiicms\admin.php(13): CApplication->run()
#11 {main}
REQUEST_URI=/yiicms/admin.php?r=posts/multiTrash
HTTP_REFERER=http://localhost/yiicms/admin.php?r=posts/admin
---
2013/01/08 17:30:37 [error] [exception.CHttpException.403] exception 'CHttpException' with message '您未被授权执行这个动作' in D:\workspace\yii\framework\web\auth\CAccessControlFilter.php:157
Stack trace:
#0 D:\workspace\yii\framework\web\auth\CAccessControlFilter.php(120): CAccessControlFilter->accessDenied(Object(CWebUser), '???????????????...')
#1 D:\workspace\yii\framework\web\filters\CFilter.php(39): CAccessControlFilter->preFilter(Object(CFilterChain))
#2 D:\workspace\yii\framework\web\CController.php(1146): CFilter->filter(Object(CFilterChain))
#3 D:\workspace\yii\framework\web\filters\CInlineFilter.php(59): CController->filterAccessControl(Object(CFilterChain))
#4 D:\workspace\yii\framework\web\filters\CFilterChain.php(131): CInlineFilter->filter(Object(CFilterChain))
#5 D:\workspace\yii\framework\web\CController.php(292): CFilterChain->run()
#6 D:\workspace\yii\framework\web\CController.php(266): CController->runActionWithFilters(Object(CInlineAction), Array)
#7 D:\workspace\yii\framework\web\CWebApplication.php(276): CController->run('multiTrash')
#8 D:\workspace\yii\framework\web\CWebApplication.php(135): CWebApplication->runController('posts/multiTras...')
#9 D:\workspace\yii\framework\base\CApplication.php(162): CWebApplication->processRequest()
#10 D:\workspace\yiicms\admin.php(13): CApplication->run()
#11 {main}
REQUEST_URI=/yiicms/admin.php?r=posts/multiTrash
HTTP_REFERER=http://localhost/yiicms/admin.php?r=posts/admin
---
2013/01/08 17:30:37 [error] [exception.CHttpException.403] exception 'CHttpException' with message '您未被授权执行这个动作' in D:\workspace\yii\framework\web\auth\CAccessControlFilter.php:157
Stack trace:
#0 D:\workspace\yii\framework\web\auth\CAccessControlFilter.php(120): CAccessControlFilter->accessDenied(Object(CWebUser), '???????????????...')
#1 D:\workspace\yii\framework\web\filters\CFilter.php(39): CAccessControlFilter->preFilter(Object(CFilterChain))
#2 D:\workspace\yii\framework\web\CController.php(1146): CFilter->filter(Object(CFilterChain))
#3 D:\workspace\yii\framework\web\filters\CInlineFilter.php(59): CController->filterAccessControl(Object(CFilterChain))
#4 D:\workspace\yii\framework\web\filters\CFilterChain.php(131): CInlineFilter->filter(Object(CFilterChain))
#5 D:\workspace\yii\framework\web\CController.php(292): CFilterChain->run()
#6 D:\workspace\yii\framework\web\CController.php(266): CController->runActionWithFilters(Object(CInlineAction), Array)
#7 D:\workspace\yii\framework\web\CWebApplication.php(276): CController->run('multiTrash')
#8 D:\workspace\yii\framework\web\CWebApplication.php(135): CWebApplication->runController('posts/multiTras...')
#9 D:\workspace\yii\framework\base\CApplication.php(162): CWebApplication->processRequest()
#10 D:\workspace\yiicms\admin.php(13): CApplication->run()
#11 {main}
REQUEST_URI=/yiicms/admin.php?r=posts/multiTrash
HTTP_REFERER=http://localhost/yiicms/admin.php?r=posts/admin
---
2013/01/08 17:30:37 [error] [exception.CHttpException.403] exception 'CHttpException' with message '您未被授权执行这个动作' in D:\workspace\yii\framework\web\auth\CAccessControlFilter.php:157
Stack trace:
#0 D:\workspace\yii\framework\web\auth\CAccessControlFilter.php(120): CAccessControlFilter->accessDenied(Object(CWebUser), '???????????????...')
#1 D:\workspace\yii\framework\web\filters\CFilter.php(39): CAccessControlFilter->preFilter(Object(CFilterChain))
#2 D:\workspace\yii\framework\web\CController.php(1146): CFilter->filter(Object(CFilterChain))
#3 D:\workspace\yii\framework\web\filters\CInlineFilter.php(59): CController->filterAccessControl(Object(CFilterChain))
#4 D:\workspace\yii\framework\web\filters\CFilterChain.php(131): CInlineFilter->filter(Object(CFilterChain))
#5 D:\workspace\yii\framework\web\CController.php(292): CFilterChain->run()
#6 D:\workspace\yii\framework\web\CController.php(266): CController->runActionWithFilters(Object(CInlineAction), Array)
#7 D:\workspace\yii\framework\web\CWebApplication.php(276): CController->run('multiTrash')
#8 D:\workspace\yii\framework\web\CWebApplication.php(135): CWebApplication->runController('posts/multiTras...')
#9 D:\workspace\yii\framework\base\CApplication.php(162): CWebApplication->processRequest()
#10 D:\workspace\yiicms\admin.php(13): CApplication->run()
#11 {main}
REQUEST_URI=/yiicms/admin.php?r=posts/multiTrash
HTTP_REFERER=http://localhost/yiicms/admin.php?r=posts/admin
---
2013/01/08 17:36:31 [error] [exception.CHttpException.403] exception 'CHttpException' with message '您未被授权执行这个动作' in D:\workspace\yii\framework\web\auth\CAccessControlFilter.php:157
Stack trace:
#0 D:\workspace\yii\framework\web\auth\CAccessControlFilter.php(120): CAccessControlFilter->accessDenied(Object(CWebUser), '???????????????...')
#1 D:\workspace\yii\framework\web\filters\CFilter.php(39): CAccessControlFilter->preFilter(Object(CFilterChain))
#2 D:\workspace\yii\framework\web\CController.php(1146): CFilter->filter(Object(CFilterChain))
#3 D:\workspace\yii\framework\web\filters\CInlineFilter.php(59): CController->filterAccessControl(Object(CFilterChain))
#4 D:\workspace\yii\framework\web\filters\CFilterChain.php(131): CInlineFilter->filter(Object(CFilterChain))
#5 D:\workspace\yii\framework\web\CController.php(292): CFilterChain->run()
#6 D:\workspace\yii\framework\web\CController.php(266): CController->runActionWithFilters(Object(CInlineAction), Array)
#7 D:\workspace\yii\framework\web\CWebApplication.php(276): CController->run('multiTrash')
#8 D:\workspace\yii\framework\web\CWebApplication.php(135): CWebApplication->runController('posts/multiTras...')
#9 D:\workspace\yii\framework\base\CApplication.php(162): CWebApplication->processRequest()
#10 D:\workspace\yiicms\admin.php(13): CApplication->run()
#11 {main}
REQUEST_URI=/yiicms/admin.php?r=posts/multiTrash
HTTP_REFERER=http://localhost/yiicms/admin.php?r=posts/admin
---
2013/01/08 17:36:53 [error] [exception.CHttpException.403] exception 'CHttpException' with message '您未被授权执行这个动作' in D:\workspace\yii\framework\web\auth\CAccessControlFilter.php:157
Stack trace:
#0 D:\workspace\yii\framework\web\auth\CAccessControlFilter.php(120): CAccessControlFilter->accessDenied(Object(CWebUser), '???????????????...')
#1 D:\workspace\yii\framework\web\filters\CFilter.php(39): CAccessControlFilter->preFilter(Object(CFilterChain))
#2 D:\workspace\yii\framework\web\CController.php(1146): CFilter->filter(Object(CFilterChain))
#3 D:\workspace\yii\framework\web\filters\CInlineFilter.php(59): CController->filterAccessControl(Object(CFilterChain))
#4 D:\workspace\yii\framework\web\filters\CFilterChain.php(131): CInlineFilter->filter(Object(CFilterChain))
#5 D:\workspace\yii\framework\web\CController.php(292): CFilterChain->run()
#6 D:\workspace\yii\framework\web\CController.php(266): CController->runActionWithFilters(Object(CInlineAction), Array)
#7 D:\workspace\yii\framework\web\CWebApplication.php(276): CController->run('multiTrash')
#8 D:\workspace\yii\framework\web\CWebApplication.php(135): CWebApplication->runController('posts/multiTras...')
#9 D:\workspace\yii\framework\base\CApplication.php(162): CWebApplication->processRequest()
#10 D:\workspace\yiicms\admin.php(13): CApplication->run()
#11 {main}
REQUEST_URI=/yiicms/admin.php?r=posts/multiTrash
HTTP_REFERER=http://localhost/yiicms/admin.php?r=posts/admin
---
2013/01/08 17:37:05 [error] [exception.CHttpException.403] exception 'CHttpException' with message '您未被授权执行这个动作' in D:\workspace\yii\framework\web\auth\CAccessControlFilter.php:157
Stack trace:
#0 D:\workspace\yii\framework\web\auth\CAccessControlFilter.php(120): CAccessControlFilter->accessDenied(Object(CWebUser), '???????????????...')
#1 D:\workspace\yii\framework\web\filters\CFilter.php(39): CAccessControlFilter->preFilter(Object(CFilterChain))
#2 D:\workspace\yii\framework\web\CController.php(1146): CFilter->filter(Object(CFilterChain))
#3 D:\workspace\yii\framework\web\filters\CInlineFilter.php(59): CController->filterAccessControl(Object(CFilterChain))
#4 D:\workspace\yii\framework\web\filters\CFilterChain.php(131): CInlineFilter->filter(Object(CFilterChain))
#5 D:\workspace\yii\framework\web\CController.php(292): CFilterChain->run()
#6 D:\workspace\yii\framework\web\CController.php(266): CController->runActionWithFilters(Object(CInlineAction), Array)
#7 D:\workspace\yii\framework\web\CWebApplication.php(276): CController->run('multiTrash')
#8 D:\workspace\yii\framework\web\CWebApplication.php(135): CWebApplication->runController('posts/multiTras...')
#9 D:\workspace\yii\framework\base\CApplication.php(162): CWebApplication->processRequest()
#10 D:\workspace\yiicms\admin.php(13): CApplication->run()
#11 {main}
REQUEST_URI=/yiicms/admin.php?r=posts/multiTrash
HTTP_REFERER=http://localhost/yiicms/admin.php?r=posts/admin
---
2013/01/09 09:53:04 [error] [exception.CHttpException.403] exception 'CHttpException' with message '您未被授权执行这个动作' in D:\workspace\yii\framework\web\auth\CAccessControlFilter.php:157
Stack trace:
#0 D:\workspace\yii\framework\web\auth\CAccessControlFilter.php(120): CAccessControlFilter->accessDenied(Object(CWebUser), '???????????????...')
#1 D:\workspace\yii\framework\web\filters\CFilter.php(39): CAccessControlFilter->preFilter(Object(CFilterChain))
#2 D:\workspace\yii\framework\web\CController.php(1146): CFilter->filter(Object(CFilterChain))
#3 D:\workspace\yii\framework\web\filters\CInlineFilter.php(59): CController->filterAccessControl(Object(CFilterChain))
#4 D:\workspace\yii\framework\web\filters\CFilterChain.php(131): CInlineFilter->filter(Object(CFilterChain))
#5 D:\workspace\yii\framework\web\CController.php(292): CFilterChain->run()
#6 D:\workspace\yii\framework\web\CController.php(266): CController->runActionWithFilters(Object(CInlineAction), Array)
#7 D:\workspace\yii\framework\web\CWebApplication.php(276): CController->run('multiTrash')
#8 D:\workspace\yii\framework\web\CWebApplication.php(135): CWebApplication->runController('posts/multiTras...')
#9 D:\workspace\yii\framework\base\CApplication.php(162): CWebApplication->processRequest()
#10 D:\workspace\yiicms\admin.php(13): CApplication->run()
#11 {main}
REQUEST_URI=/yiicms/admin.php?r=posts/multiTrash
HTTP_REFERER=http://localhost/yiicms/admin.php?r=posts/admin
---
2013/01/09 09:53:54 [error] [exception.CHttpException.403] exception 'CHttpException' with message '您未被授权执行这个动作' in D:\workspace\yii\framework\web\auth\CAccessControlFilter.php:157
Stack trace:
#0 D:\workspace\yii\framework\web\auth\CAccessControlFilter.php(120): CAccessControlFilter->accessDenied(Object(CWebUser), '???????????????...')
#1 D:\workspace\yii\framework\web\filters\CFilter.php(39): CAccessControlFilter->preFilter(Object(CFilterChain))
#2 D:\workspace\yii\framework\web\CController.php(1146): CFilter->filter(Object(CFilterChain))
#3 D:\workspace\yii\framework\web\filters\CInlineFilter.php(59): CController->filterAccessControl(Object(CFilterChain))
#4 D:\workspace\yii\framework\web\filters\CFilterChain.php(131): CInlineFilter->filter(Object(CFilterChain))
#5 D:\workspace\yii\framework\web\CController.php(292): CFilterChain->run()
#6 D:\workspace\yii\framework\web\CController.php(266): CController->runActionWithFilters(Object(CInlineAction), Array)
#7 D:\workspace\yii\framework\web\CWebApplication.php(276): CController->run('multiTrash')
#8 D:\workspace\yii\framework\web\CWebApplication.php(135): CWebApplication->runController('posts/multiTras...')
#9 D:\workspace\yii\framework\base\CApplication.php(162): CWebApplication->processRequest()
#10 D:\workspace\yiicms\admin.php(13): CApplication->run()
#11 {main}
REQUEST_URI=/yiicms/admin.php?r=posts/multiTrash
HTTP_REFERER=http://localhost/yiicms/admin.php?r=posts/admin
---
2013/01/09 09:54:16 [error] [exception.CHttpException.403] exception 'CHttpException' with message '您未被授权执行这个动作' in D:\workspace\yii\framework\web\auth\CAccessControlFilter.php:157
Stack trace:
#0 D:\workspace\yii\framework\web\auth\CAccessControlFilter.php(120): CAccessControlFilter->accessDenied(Object(CWebUser), '???????????????...')
#1 D:\workspace\yii\framework\web\filters\CFilter.php(39): CAccessControlFilter->preFilter(Object(CFilterChain))
#2 D:\workspace\yii\framework\web\CController.php(1146): CFilter->filter(Object(CFilterChain))
#3 D:\workspace\yii\framework\web\filters\CInlineFilter.php(59): CController->filterAccessControl(Object(CFilterChain))
#4 D:\workspace\yii\framework\web\filters\CFilterChain.php(131): CInlineFilter->filter(Object(CFilterChain))
#5 D:\workspace\yii\framework\web\CController.php(292): CFilterChain->run()
#6 D:\workspace\yii\framework\web\CController.php(266): CController->runActionWithFilters(Object(CInlineAction), Array)
#7 D:\workspace\yii\framework\web\CWebApplication.php(276): CController->run('multiTrash')
#8 D:\workspace\yii\framework\web\CWebApplication.php(135): CWebApplication->runController('posts/multiTras...')
#9 D:\workspace\yii\framework\base\CApplication.php(162): CWebApplication->processRequest()
#10 D:\workspace\yiicms\admin.php(13): CApplication->run()
#11 {main}
REQUEST_URI=/yiicms/admin.php?r=posts/multiTrash
HTTP_REFERER=http://localhost/yiicms/admin.php?r=posts/admin
---
2013/01/09 09:54:36 [error] [exception.CHttpException.403] exception 'CHttpException' with message '您未被授权执行这个动作' in D:\workspace\yii\framework\web\auth\CAccessControlFilter.php:157
Stack trace:
#0 D:\workspace\yii\framework\web\auth\CAccessControlFilter.php(120): CAccessControlFilter->accessDenied(Object(CWebUser), '???????????????...')
#1 D:\workspace\yii\framework\web\filters\CFilter.php(39): CAccessControlFilter->preFilter(Object(CFilterChain))
#2 D:\workspace\yii\framework\web\CController.php(1146): CFilter->filter(Object(CFilterChain))
#3 D:\workspace\yii\framework\web\filters\CInlineFilter.php(59): CController->filterAccessControl(Object(CFilterChain))
#4 D:\workspace\yii\framework\web\filters\CFilterChain.php(131): CInlineFilter->filter(Object(CFilterChain))
#5 D:\workspace\yii\framework\web\CController.php(292): CFilterChain->run()
#6 D:\workspace\yii\framework\web\CController.php(266): CController->runActionWithFilters(Object(CInlineAction), Array)
#7 D:\workspace\yii\framework\web\CWebApplication.php(276): CController->run('multi')
#8 D:\workspace\yii\framework\web\CWebApplication.php(135): CWebApplication->runController('posts/multi')
#9 D:\workspace\yii\framework\base\CApplication.php(162): CWebApplication->processRequest()
#10 D:\workspace\yiicms\admin.php(13): CApplication->run()
#11 {main}
REQUEST_URI=/yiicms/admin.php?r=posts/multi
HTTP_REFERER=http://localhost/yiicms/admin.php?r=posts/admin
---
2013/01/09 09:55:11 [error] [exception.CHttpException.403] exception 'CHttpException' with message '您未被授权执行这个动作' in D:\workspace\yii\framework\web\auth\CAccessControlFilter.php:157
Stack trace:
#0 D:\workspace\yii\framework\web\auth\CAccessControlFilter.php(120): CAccessControlFilter->accessDenied(Object(CWebUser), '???????????????...')
#1 D:\workspace\yii\framework\web\filters\CFilter.php(39): CAccessControlFilter->preFilter(Object(CFilterChain))
#2 D:\workspace\yii\framework\web\CController.php(1146): CFilter->filter(Object(CFilterChain))
#3 D:\workspace\yii\framework\web\filters\CInlineFilter.php(59): CController->filterAccessControl(Object(CFilterChain))
#4 D:\workspace\yii\framework\web\filters\CFilterChain.php(131): CInlineFilter->filter(Object(CFilterChain))
#5 D:\workspace\yii\framework\web\CController.php(292): CFilterChain->run()
#6 D:\workspace\yii\framework\web\CController.php(266): CController->runActionWithFilters(Object(CInlineAction), Array)
#7 D:\workspace\yii\framework\web\CWebApplication.php(276): CController->run('multi')
#8 D:\workspace\yii\framework\web\CWebApplication.php(135): CWebApplication->runController('posts/multi')
#9 D:\workspace\yii\framework\base\CApplication.php(162): CWebApplication->processRequest()
#10 D:\workspace\yiicms\admin.php(13): CApplication->run()
#11 {main}
REQUEST_URI=/yiicms/admin.php?r=posts/multi
HTTP_REFERER=http://localhost/yiicms/admin.php?r=posts/admin
---
2013/01/09 09:55:49 [error] [exception.CHttpException.403] exception 'CHttpException' with message '您未被授权执行这个动作' in D:\workspace\yii\framework\web\auth\CAccessControlFilter.php:157
Stack trace:
#0 D:\workspace\yii\framework\web\auth\CAccessControlFilter.php(120): CAccessControlFilter->accessDenied(Object(CWebUser), '???????????????...')
#1 D:\workspace\yii\framework\web\filters\CFilter.php(39): CAccessControlFilter->preFilter(Object(CFilterChain))
#2 D:\workspace\yii\framework\web\CController.php(1146): CFilter->filter(Object(CFilterChain))
#3 D:\workspace\yii\framework\web\filters\CInlineFilter.php(59): CController->filterAccessControl(Object(CFilterChain))
#4 D:\workspace\yii\framework\web\filters\CFilterChain.php(131): CInlineFilter->filter(Object(CFilterChain))
#5 D:\workspace\yii\framework\web\CController.php(292): CFilterChain->run()
#6 D:\workspace\yii\framework\web\CController.php(266): CController->runActionWithFilters(Object(CInlineAction), Array)
#7 D:\workspace\yii\framework\web\CWebApplication.php(276): CController->run('multi')
#8 D:\workspace\yii\framework\web\CWebApplication.php(135): CWebApplication->runController('posts/multi')
#9 D:\workspace\yii\framework\base\CApplication.php(162): CWebApplication->processRequest()
#10 D:\workspace\yiicms\admin.php(13): CApplication->run()
#11 {main}
REQUEST_URI=/yiicms/admin.php?r=posts/multi
HTTP_REFERER=http://localhost/yiicms/admin.php?r=posts/admin
---
2013/01/09 09:55:52 [error] [exception.CHttpException.403] exception 'CHttpException' with message '您未被授权执行这个动作' in D:\workspace\yii\framework\web\auth\CAccessControlFilter.php:157
Stack trace:
#0 D:\workspace\yii\framework\web\auth\CAccessControlFilter.php(120): CAccessControlFilter->accessDenied(Object(CWebUser), '???????????????...')
#1 D:\workspace\yii\framework\web\filters\CFilter.php(39): CAccessControlFilter->preFilter(Object(CFilterChain))
#2 D:\workspace\yii\framework\web\CController.php(1146): CFilter->filter(Object(CFilterChain))
#3 D:\workspace\yii\framework\web\filters\CInlineFilter.php(59): CController->filterAccessControl(Object(CFilterChain))
#4 D:\workspace\yii\framework\web\filters\CFilterChain.php(131): CInlineFilter->filter(Object(CFilterChain))
#5 D:\workspace\yii\framework\web\CController.php(292): CFilterChain->run()
#6 D:\workspace\yii\framework\web\CController.php(266): CController->runActionWithFilters(Object(CInlineAction), Array)
#7 D:\workspace\yii\framework\web\CWebApplication.php(276): CController->run('multi')
#8 D:\workspace\yii\framework\web\CWebApplication.php(135): CWebApplication->runController('posts/multi')
#9 D:\workspace\yii\framework\base\CApplication.php(162): CWebApplication->processRequest()
#10 D:\workspace\yiicms\admin.php(13): CApplication->run()
#11 {main}
REQUEST_URI=/yiicms/admin.php?r=posts/multi
HTTP_REFERER=http://localhost/yiicms/admin.php?r=posts/admin
---
2013/01/09 09:56:38 [error] [exception.CHttpException.403] exception 'CHttpException' with message '您未被授权执行这个动作' in D:\workspace\yii\framework\web\auth\CAccessControlFilter.php:157
Stack trace:
#0 D:\workspace\yii\framework\web\auth\CAccessControlFilter.php(120): CAccessControlFilter->accessDenied(Object(CWebUser), '???????????????...')
#1 D:\workspace\yii\framework\web\filters\CFilter.php(39): CAccessControlFilter->preFilter(Object(CFilterChain))
#2 D:\workspace\yii\framework\web\CController.php(1146): CFilter->filter(Object(CFilterChain))
#3 D:\workspace\yii\framework\web\filters\CInlineFilter.php(59): CController->filterAccessControl(Object(CFilterChain))
#4 D:\workspace\yii\framework\web\filters\CFilterChain.php(131): CInlineFilter->filter(Object(CFilterChain))
#5 D:\workspace\yii\framework\web\CController.php(292): CFilterChain->run()
#6 D:\workspace\yii\framework\web\CController.php(266): CController->runActionWithFilters(Object(CInlineAction), Array)
#7 D:\workspace\yii\framework\web\CWebApplication.php(276): CController->run('multi')
#8 D:\workspace\yii\framework\web\CWebApplication.php(135): CWebApplication->runController('posts/multi')
#9 D:\workspace\yii\framework\base\CApplication.php(162): CWebApplication->processRequest()
#10 D:\workspace\yiicms\admin.php(13): CApplication->run()
#11 {main}
REQUEST_URI=/yiicms/admin.php?r=posts/multi
HTTP_REFERER=http://localhost/yiicms/admin.php?r=posts/admin
---
2013/01/09 09:56:40 [error] [exception.CHttpException.403] exception 'CHttpException' with message '您未被授权执行这个动作' in D:\workspace\yii\framework\web\auth\CAccessControlFilter.php:157
Stack trace:
#0 D:\workspace\yii\framework\web\auth\CAccessControlFilter.php(120): CAccessControlFilter->accessDenied(Object(CWebUser), '???????????????...')
#1 D:\workspace\yii\framework\web\filters\CFilter.php(39): CAccessControlFilter->preFilter(Object(CFilterChain))
#2 D:\workspace\yii\framework\web\CController.php(1146): CFilter->filter(Object(CFilterChain))
#3 D:\workspace\yii\framework\web\filters\CInlineFilter.php(59): CController->filterAccessControl(Object(CFilterChain))
#4 D:\workspace\yii\framework\web\filters\CFilterChain.php(131): CInlineFilter->filter(Object(CFilterChain))
#5 D:\workspace\yii\framework\web\CController.php(292): CFilterChain->run()
#6 D:\workspace\yii\framework\web\CController.php(266): CController->runActionWithFilters(Object(CInlineAction), Array)
#7 D:\workspace\yii\framework\web\CWebApplication.php(276): CController->run('multi')
#8 D:\workspace\yii\framework\web\CWebApplication.php(135): CWebApplication->runController('posts/multi')
#9 D:\workspace\yii\framework\base\CApplication.php(162): CWebApplication->processRequest()
#10 D:\workspace\yiicms\admin.php(13): CApplication->run()
#11 {main}
REQUEST_URI=/yiicms/admin.php?r=posts/multi
HTTP_REFERER=http://localhost/yiicms/admin.php?r=posts/admin
---
2013/01/09 09:57:11 [error] [exception.CHttpException.403] exception 'CHttpException' with message '您未被授权执行这个动作' in D:\workspace\yii\framework\web\auth\CAccessControlFilter.php:157
Stack trace:
#0 D:\workspace\yii\framework\web\auth\CAccessControlFilter.php(120): CAccessControlFilter->accessDenied(Object(CWebUser), '???????????????...')
#1 D:\workspace\yii\framework\web\filters\CFilter.php(39): CAccessControlFilter->preFilter(Object(CFilterChain))
#2 D:\workspace\yii\framework\web\CController.php(1146): CFilter->filter(Object(CFilterChain))
#3 D:\workspace\yii\framework\web\filters\CInlineFilter.php(59): CController->filterAccessControl(Object(CFilterChain))
#4 D:\workspace\yii\framework\web\filters\CFilterChain.php(131): CInlineFilter->filter(Object(CFilterChain))
#5 D:\workspace\yii\framework\web\CController.php(292): CFilterChain->run()
#6 D:\workspace\yii\framework\web\CController.php(266): CController->runActionWithFilters(Object(CInlineAction), Array)
#7 D:\workspace\yii\framework\web\CWebApplication.php(276): CController->run('multi')
#8 D:\workspace\yii\framework\web\CWebApplication.php(135): CWebApplication->runController('posts/multi')
#9 D:\workspace\yii\framework\base\CApplication.php(162): CWebApplication->processRequest()
#10 D:\workspace\yiicms\admin.php(13): CApplication->run()
#11 {main}
REQUEST_URI=/yiicms/admin.php?r=posts/multi
HTTP_REFERER=http://localhost/yiicms/admin.php?r=posts/admin
---
2013/01/09 09:57:27 [error] [exception.CHttpException.403] exception 'CHttpException' with message '您未被授权执行这个动作' in D:\workspace\yii\framework\web\auth\CAccessControlFilter.php:157
Stack trace:
#0 D:\workspace\yii\framework\web\auth\CAccessControlFilter.php(120): CAccessControlFilter->accessDenied(Object(CWebUser), '???????????????...')
#1 D:\workspace\yii\framework\web\filters\CFilter.php(39): CAccessControlFilter->preFilter(Object(CFilterChain))
#2 D:\workspace\yii\framework\web\CController.php(1146): CFilter->filter(Object(CFilterChain))
#3 D:\workspace\yii\framework\web\filters\CInlineFilter.php(59): CController->filterAccessControl(Object(CFilterChain))
#4 D:\workspace\yii\framework\web\filters\CFilterChain.php(131): CInlineFilter->filter(Object(CFilterChain))
#5 D:\workspace\yii\framework\web\CController.php(292): CFilterChain->run()
#6 D:\workspace\yii\framework\web\CController.php(266): CController->runActionWithFilters(Object(CInlineAction), Array)
#7 D:\workspace\yii\framework\web\CWebApplication.php(276): CController->run('multi')
#8 D:\workspace\yii\framework\web\CWebApplication.php(135): CWebApplication->runController('posts/multi')
#9 D:\workspace\yii\framework\base\CApplication.php(162): CWebApplication->processRequest()
#10 D:\workspace\yiicms\admin.php(13): CApplication->run()
#11 {main}
REQUEST_URI=/yiicms/admin.php?r=posts/multi
HTTP_REFERER=http://localhost/yiicms/admin.php?r=posts/admin
---
2013/01/09 09:58:05 [error] [exception.CHttpException.404] exception 'CHttpException' with message '系统无法找到请求的 "multiTrash" 动作.' in D:\workspace\yii\framework\web\CController.php:484
Stack trace:
#0 D:\workspace\yii\framework\web\CController.php(271): CController->missingAction('multiTrash')
#1 D:\workspace\yii\framework\web\CWebApplication.php(276): CController->run('multiTrash')
#2 D:\workspace\yii\framework\web\CWebApplication.php(135): CWebApplication->runController('posts/multiTras...')
#3 D:\workspace\yii\framework\base\CApplication.php(162): CWebApplication->processRequest()
#4 D:\workspace\yiicms\admin.php(13): CApplication->run()
#5 {main}
REQUEST_URI=/yiicms/admin.php?r=posts/multiTrash
HTTP_REFERER=http://localhost/yiicms/admin.php?r=posts/admin
---
