2012/11/02 08:39:51 [error] [exception.CHttpException.404] exception 'CHttpException' with message 'Unable to resolve the request "gii".' in D:\workspace\yii\framework\web\CWebApplication.php:280
Stack trace:
#0 D:\workspace\yii\framework\web\CWebApplication.php(135): CWebApplication->runController('gii')
#1 D:\workspace\yii\framework\base\CApplication.php(162): CWebApplication->processRequest()
#2 D:\workspace\yiicms\index.php(13): CApplication->run()
#3 {main}
REQUEST_URI=/yiicms/index.php?r=gii
HTTP_REFERER=http://localhost/yiicms/index.php?r=gii/crud
---
2012/11/02 08:40:01 [error] [php] include(Controller.php) [<a href='function.include'>function.include</a>]: failed to open stream: No such file or directory (D:\workspace\yii\framework\YiiBase.php:418)
Stack trace:
#0 D:\workspace\yiicms\protected\admin\controllers\SiteController.php(4): spl_autoload_call()
#1 D:\workspace\yii\framework\web\CWebApplication.php(344): require()
#2 D:\workspace\yii\framework\web\CWebApplication.php(270): CWebApplication->createController()
#3 D:\workspace\yii\framework\web\CWebApplication.php(135): CWebApplication->runController()
#4 D:\workspace\yii\framework\base\CApplication.php(162): CWebApplication->processRequest()
#5 D:\workspace\yiicms\admin.php(13): CWebApplication->run()
REQUEST_URI=/yiicms/admin.php
in D:\workspace\yiicms\protected\admin\controllers\SiteController.php (4)
in D:\workspace\yiicms\admin.php (13)
2012/11/02 08:40:03 [error] [php] include(Controller.php) [<a href='function.include'>function.include</a>]: failed to open stream: No such file or directory (D:\workspace\yii\framework\YiiBase.php:418)
Stack trace:
#0 D:\workspace\yiicms\protected\admin\controllers\SiteController.php(4): spl_autoload_call()
#1 D:\workspace\yii\framework\web\CWebApplication.php(344): require()
#2 D:\workspace\yii\framework\web\CWebApplication.php(270): CWebApplication->createController()
#3 D:\workspace\yii\framework\web\CWebApplication.php(135): CWebApplication->runController()
#4 D:\workspace\yii\framework\base\CApplication.php(162): CWebApplication->processRequest()
#5 D:\workspace\yiicms\admin.php(13): CWebApplication->run()
REQUEST_URI=/yiicms/admin.php
in D:\workspace\yiicms\protected\admin\controllers\SiteController.php (4)
in D:\workspace\yiicms\admin.php (13)
2012/11/02 08:44:20 [error] [exception.CException] exception 'CException' with message 'Property "CDbConnection.dbprefix" is not defined.' in D:\workspace\yii\framework\base\CComponent.php:174
Stack trace:
#0 D:\workspace\yii\framework\YiiBase.php(222): CComponent->__set('dbprefix', 'fe_')
#1 D:\workspace\yii\framework\base\CModule.php(387): YiiBase::createComponent(Array)
#2 D:\workspace\yii\framework\base\CModule.php(104): CModule->getComponent('db')
#3 D:\workspace\yii\framework\gii\generators\model\ModelCode.php(54): CModule->__get('db')
#4 D:\workspace\yii\framework\web\CFormModel.php(40): ModelCode->init()
#5 D:\workspace\yii\framework\gii\CCodeGenerator.php(152): CFormModel->__construct()
#6 D:\workspace\yii\framework\gii\CCodeGenerator.php(64): CCodeGenerator->prepare()
#7 D:\workspace\yii\framework\web\actions\CInlineAction.php(50): CCodeGenerator->actionIndex()
#8 D:\workspace\yii\framework\web\CController.php(309): CInlineAction->runWithParams(Array)
#9 D:\workspace\yii\framework\web\CController.php(287): CController->runAction(Object(CInlineAction))
#10 D:\workspace\yii\framework\web\CController.php(266): CController->runActionWithFilters(Object(CInlineAction), Array)
#11 D:\workspace\yii\framework\web\CWebApplication.php(276): CController->run('')
#12 D:\workspace\yii\framework\web\CWebApplication.php(135): CWebApplication->runController('gii/model')
#13 D:\workspace\yii\framework\base\CApplication.php(162): CWebApplication->processRequest()
#14 D:\workspace\yiicms\admin.php(13): CApplication->run()
#15 {main}
REQUEST_URI=/yiicms/admin.php?r=gii/model
HTTP_REFERER=http://localhost/yiicms/admin.php?r=gii/default/index
---
2012/11/02 08:44:23 [error] [exception.CException] exception 'CException' with message 'Property "CDbConnection.dbprefix" is not defined.' in D:\workspace\yii\framework\base\CComponent.php:174
Stack trace:
#0 D:\workspace\yii\framework\YiiBase.php(222): CComponent->__set('dbprefix', 'fe_')
#1 D:\workspace\yii\framework\base\CModule.php(387): YiiBase::createComponent(Array)
#2 D:\workspace\yii\framework\base\CModule.php(104): CModule->getComponent('db')
#3 D:\workspace\yii\framework\gii\generators\model\ModelCode.php(54): CModule->__get('db')
#4 D:\workspace\yii\framework\web\CFormModel.php(40): ModelCode->init()
#5 D:\workspace\yii\framework\gii\CCodeGenerator.php(152): CFormModel->__construct()
#6 D:\workspace\yii\framework\gii\CCodeGenerator.php(64): CCodeGenerator->prepare()
#7 D:\workspace\yii\framework\web\actions\CInlineAction.php(50): CCodeGenerator->actionIndex()
#8 D:\workspace\yii\framework\web\CController.php(309): CInlineAction->runWithParams(Array)
#9 D:\workspace\yii\framework\web\CController.php(287): CController->runAction(Object(CInlineAction))
#10 D:\workspace\yii\framework\web\CController.php(266): CController->runActionWithFilters(Object(CInlineAction), Array)
#11 D:\workspace\yii\framework\web\CWebApplication.php(276): CController->run('')
#12 D:\workspace\yii\framework\web\CWebApplication.php(135): CWebApplication->runController('gii/model')
#13 D:\workspace\yii\framework\base\CApplication.php(162): CWebApplication->processRequest()
#14 D:\workspace\yiicms\admin.php(13): CApplication->run()
#15 {main}
REQUEST_URI=/yiicms/admin.php?r=gii/model
HTTP_REFERER=http://localhost/yiicms/admin.php?r=gii/default/index
---
2012/11/02 08:46:32 [error] [exception.CException] exception 'CException' with message 'Property "CDbConnection.tableprefix" is not defined.' in D:\workspace\yii\framework\base\CComponent.php:174
Stack trace:
#0 D:\workspace\yii\framework\YiiBase.php(222): CComponent->__set('tableprefix', 'fe_')
#1 D:\workspace\yii\framework\base\CModule.php(387): YiiBase::createComponent(Array)
#2 D:\workspace\yii\framework\base\CModule.php(104): CModule->getComponent('db')
#3 D:\workspace\yii\framework\gii\generators\model\ModelCode.php(54): CModule->__get('db')
#4 D:\workspace\yii\framework\web\CFormModel.php(40): ModelCode->init()
#5 D:\workspace\yii\framework\gii\CCodeGenerator.php(152): CFormModel->__construct()
#6 D:\workspace\yii\framework\gii\CCodeGenerator.php(64): CCodeGenerator->prepare()
#7 D:\workspace\yii\framework\web\actions\CInlineAction.php(50): CCodeGenerator->actionIndex()
#8 D:\workspace\yii\framework\web\CController.php(309): CInlineAction->runWithParams(Array)
#9 D:\workspace\yii\framework\web\CController.php(287): CController->runAction(Object(CInlineAction))
#10 D:\workspace\yii\framework\web\CController.php(266): CController->runActionWithFilters(Object(CInlineAction), Array)
#11 D:\workspace\yii\framework\web\CWebApplication.php(276): CController->run('')
#12 D:\workspace\yii\framework\web\CWebApplication.php(135): CWebApplication->runController('gii/model')
#13 D:\workspace\yii\framework\base\CApplication.php(162): CWebApplication->processRequest()
#14 D:\workspace\yiicms\admin.php(13): CApplication->run()
#15 {main}
REQUEST_URI=/yiicms/admin.php?r=gii/model
HTTP_REFERER=http://localhost/yiicms/admin.php?r=gii/default/index
---
2012/11/02 08:46:33 [error] [exception.CException] exception 'CException' with message 'Property "CDbConnection.tableprefix" is not defined.' in D:\workspace\yii\framework\base\CComponent.php:174
Stack trace:
#0 D:\workspace\yii\framework\YiiBase.php(222): CComponent->__set('tableprefix', 'fe_')
#1 D:\workspace\yii\framework\base\CModule.php(387): YiiBase::createComponent(Array)
#2 D:\workspace\yii\framework\base\CModule.php(104): CModule->getComponent('db')
#3 D:\workspace\yii\framework\gii\generators\model\ModelCode.php(54): CModule->__get('db')
#4 D:\workspace\yii\framework\web\CFormModel.php(40): ModelCode->init()
#5 D:\workspace\yii\framework\gii\CCodeGenerator.php(152): CFormModel->__construct()
#6 D:\workspace\yii\framework\gii\CCodeGenerator.php(64): CCodeGenerator->prepare()
#7 D:\workspace\yii\framework\web\actions\CInlineAction.php(50): CCodeGenerator->actionIndex()
#8 D:\workspace\yii\framework\web\CController.php(309): CInlineAction->runWithParams(Array)
#9 D:\workspace\yii\framework\web\CController.php(287): CController->runAction(Object(CInlineAction))
#10 D:\workspace\yii\framework\web\CController.php(266): CController->runActionWithFilters(Object(CInlineAction), Array)
#11 D:\workspace\yii\framework\web\CWebApplication.php(276): CController->run('')
#12 D:\workspace\yii\framework\web\CWebApplication.php(135): CWebApplication->runController('gii/model')
#13 D:\workspace\yii\framework\base\CApplication.php(162): CWebApplication->processRequest()
#14 D:\workspace\yiicms\admin.php(13): CApplication->run()
#15 {main}
REQUEST_URI=/yiicms/admin.php?r=gii/model
HTTP_REFERER=http://localhost/yiicms/admin.php?r=gii/default/index
---
2012/11/02 08:46:41 [error] [exception.CException] exception 'CException' with message 'Property "CDbConnection.tablebprefix" is not defined.' in D:\workspace\yii\framework\base\CComponent.php:174
Stack trace:
#0 D:\workspace\yii\framework\YiiBase.php(222): CComponent->__set('tablebprefix', 'fe_')
#1 D:\workspace\yii\framework\base\CModule.php(387): YiiBase::createComponent(Array)
#2 D:\workspace\yii\framework\base\CModule.php(104): CModule->getComponent('db')
#3 D:\workspace\yii\framework\gii\generators\model\ModelCode.php(54): CModule->__get('db')
#4 D:\workspace\yii\framework\web\CFormModel.php(40): ModelCode->init()
#5 D:\workspace\yii\framework\gii\CCodeGenerator.php(152): CFormModel->__construct()
#6 D:\workspace\yii\framework\gii\CCodeGenerator.php(64): CCodeGenerator->prepare()
#7 D:\workspace\yii\framework\web\actions\CInlineAction.php(50): CCodeGenerator->actionIndex()
#8 D:\workspace\yii\framework\web\CController.php(309): CInlineAction->runWithParams(Array)
#9 D:\workspace\yii\framework\web\CController.php(287): CController->runAction(Object(CInlineAction))
#10 D:\workspace\yii\framework\web\CController.php(266): CController->runActionWithFilters(Object(CInlineAction), Array)
#11 D:\workspace\yii\framework\web\CWebApplication.php(276): CController->run('')
#12 D:\workspace\yii\framework\web\CWebApplication.php(135): CWebApplication->runController('gii/model')
#13 D:\workspace\yii\framework\base\CApplication.php(162): CWebApplication->processRequest()
#14 D:\workspace\yiicms\admin.php(13): CApplication->run()
#15 {main}
REQUEST_URI=/yiicms/admin.php?r=gii/model
HTTP_REFERER=http://localhost/yiicms/admin.php?r=gii/default/index
---
2012/11/02 09:00:28 [error] [system.db.CDbCommand] CDbCommand::fetchAll() failed: SQLSTATE[42S02]: Base table or view not found: 1146 Table 'yiicms.fe_2' doesn't exist. The SQL statement executed was: SHOW COLUMNS FROM `fe_2`.
in D:\workspace\yiicms\protected\admin\controllers\UserController.php (130)
in D:\workspace\yiicms\admin.php (13)
2012/11/02 09:00:28 [error] [exception.CDbException] exception 'CDbException' with message 'The table "{{2}}" for active record class "User" cannot be found in the database.' in D:\workspace\yii\framework\db\ar\CActiveRecord.php:2264
Stack trace:
#0 D:\workspace\yii\framework\db\ar\CActiveRecord.php(379): CActiveRecordMetaData->__construct(Object(User))
#1 D:\workspace\yii\framework\web\CActiveDataProvider.php(75): CActiveRecord::model('User')
#2 D:\workspace\yiicms\protected\admin\controllers\UserController.php(130): CActiveDataProvider->__construct('User')
#3 D:\workspace\yii\framework\web\actions\CInlineAction.php(50): UserController->actionIndex()
#4 D:\workspace\yii\framework\web\CController.php(309): CInlineAction->runWithParams(Array)
#5 D:\workspace\yii\framework\web\filters\CFilterChain.php(134): CController->runAction(Object(CInlineAction))
#6 D:\workspace\yii\framework\web\filters\CFilter.php(41): CFilterChain->run()
#7 D:\workspace\yii\framework\web\CController.php(1146): CFilter->filter(Object(CFilterChain))
#8 D:\workspace\yii\framework\web\filters\CInlineFilter.php(59): CController->filterAccessControl(Object(CFilterChain))
#9 D:\workspace\yii\framework\web\filters\CFilterChain.php(131): CInlineFilter->filter(Object(CFilterChain))
#10 D:\workspace\yii\framework\web\CController.php(292): CFilterChain->run()
#11 D:\workspace\yii\framework\web\CController.php(266): CController->runActionWithFilters(Object(CInlineAction), Array)
#12 D:\workspace\yii\framework\web\CWebApplication.php(276): CController->run('index')
#13 D:\workspace\yii\framework\web\CWebApplication.php(135): CWebApplication->runController('user/index')
#14 D:\workspace\yii\framework\base\CApplication.php(162): CWebApplication->processRequest()
#15 D:\workspace\yiicms\admin.php(13): CApplication->run()
#16 {main}
REQUEST_URI=/yiicms/admin.php?r=user/index
HTTP_REFERER=http://localhost/yiicms/admin.php?r=user/index
---
